<?xml version="1.0" encoding="UTF-8"?>
<!-- Generated by org.testng.reporters.JUnitReportReporter -->
<testsuite skipped="0" hostname="DESKTOP-D96Q9MV" name="com.Tricentis.tests.HomePageTest" tests="1" failures="0" timestamp="09 Jan 2021 21:27:23 GMT" time="14.999" errors="0">
  <testcase name="Login" time="14.999" classname="com.Tricentis.tests.HomePageTest"/>
</testsuite> <!-- com.Tricentis.tests.HomePageTest -->
