<?xml version="1.0" encoding="UTF-8"?>
<!-- Generated by org.testng.reporters.JUnitReportReporter -->
<testsuite skipped="0" hostname="DESKTOP-D96Q9MV" name="com.Tricentis.tests.LoginTest" tests="1" failures="0" timestamp="09 Jan 2021 21:27:23 GMT" time="16.101" errors="0">
  <testcase name="Login" time="16.101" classname="com.Tricentis.tests.LoginTest"/>
</testsuite> <!-- com.Tricentis.tests.LoginTest -->
